   1               		.file	"main.c"
   2               	__SREG__ = 0x3f
   3               	__SP_H__ = 0x3e
   4               	__SP_L__ = 0x3d
   5               	__CCP__  = 0x34
   6               	__tmp_reg__ = 0
   7               	__zero_reg__ = 1
  15               	.Ltext0:
  16               	.global	pinChange
  18               	pinChange:
  19               	.LFB6:
  20               	.LM1:
  21               	.LVL0:
  22               	/* prologue: function */
  23               	/* frame size = 0 */
  24               	.LM2:
  25 0000 672B      		or r22,r23
  26 0002 01F0      		breq .+2
  27 0004 00C0      		rjmp .L2
  28               	.LM3:
  29 0006 0097      		sbiw r24,0
  30 0008 01F4      		brne .L3
  31               	.LM4:
  32 000a D898      		cbi 59-32,0
  33 000c 0895      		ret
  34               	.L3:
  35               	.LM5:
  36 000e 8130      		cpi r24,1
  37 0010 9105      		cpc r25,__zero_reg__
  38 0012 01F4      		brne .L5
  39               	.LM6:
  40 0014 D998      		cbi 59-32,1
  41 0016 0895      		ret
  42               	.L5:
  43               	.LM7:
  44 0018 8230      		cpi r24,2
  45 001a 9105      		cpc r25,__zero_reg__
  46 001c 01F4      		brne .L6
  47               	.LM8:
  48 001e DA98      		cbi 59-32,2
  49 0020 0895      		ret
  50               	.L6:
  51               	.LM9:
  52 0022 8330      		cpi r24,3
  53 0024 9105      		cpc r25,__zero_reg__
  54 0026 01F4      		brne .L7
  55               	.LM10:
  56 0028 DB98      		cbi 59-32,3
  57 002a 0895      		ret
  58               	.L7:
  59               	.LM11:
  60 002c 8430      		cpi r24,4
  61 002e 9105      		cpc r25,__zero_reg__
  62 0030 01F4      		brne .L8
  63               	.LM12:
  64 0032 DC98      		cbi 59-32,4
  65 0034 0895      		ret
  66               	.L8:
  67               	.LM13:
  68 0036 8530      		cpi r24,5
  69 0038 9105      		cpc r25,__zero_reg__
  70 003a 01F4      		brne .L9
  71               	.LM14:
  72 003c DD98      		cbi 59-32,5
  73 003e 0895      		ret
  74               	.L9:
  75               	.LM15:
  76 0040 8630      		cpi r24,6
  77 0042 9105      		cpc r25,__zero_reg__
  78 0044 01F4      		brne .L10
  79               	.LM16:
  80 0046 DE98      		cbi 59-32,6
  81 0048 0895      		ret
  82               	.L10:
  83               	.LM17:
  84 004a 8730      		cpi r24,7
  85 004c 9105      		cpc r25,__zero_reg__
  86 004e 01F4      		brne .L11
  87               	.LM18:
  88 0050 DF98      		cbi 59-32,7
  89 0052 0895      		ret
  90               	.L11:
  91               	.LM19:
  92 0054 8A30      		cpi r24,10
  93 0056 9105      		cpc r25,__zero_reg__
  94 0058 01F4      		brne .L12
  95               	.LM20:
  96 005a C098      		cbi 56-32,0
  97 005c 0895      		ret
  98               	.L12:
  99               	.LM21:
 100 005e 8B30      		cpi r24,11
 101 0060 9105      		cpc r25,__zero_reg__
 102 0062 01F4      		brne .L13
 103               	.LM22:
 104 0064 C198      		cbi 56-32,1
 105 0066 0895      		ret
 106               	.L13:
 107               	.LM23:
 108 0068 8C30      		cpi r24,12
 109 006a 9105      		cpc r25,__zero_reg__
 110 006c 01F4      		brne .L14
 111               	.LM24:
 112 006e C298      		cbi 56-32,2
 113 0070 0895      		ret
 114               	.L14:
 115               	.LM25:
 116 0072 8D30      		cpi r24,13
 117 0074 9105      		cpc r25,__zero_reg__
 118 0076 01F4      		brne .L15
 119               	.LM26:
 120 0078 C398      		cbi 56-32,3
 121 007a 0895      		ret
 122               	.L15:
 123               	.LM27:
 124 007c 8E30      		cpi r24,14
 125 007e 9105      		cpc r25,__zero_reg__
 126 0080 01F4      		brne .L16
 127               	.LM28:
 128 0082 C498      		cbi 56-32,4
 129 0084 0895      		ret
 130               	.L16:
 131               	.LM29:
 132 0086 8F30      		cpi r24,15
 133 0088 9105      		cpc r25,__zero_reg__
 134 008a 01F4      		brne .L17
 135               	.LM30:
 136 008c C598      		cbi 56-32,5
 137 008e 0895      		ret
 138               	.L17:
 139               	.LM31:
 140 0090 8031      		cpi r24,16
 141 0092 9105      		cpc r25,__zero_reg__
 142 0094 01F4      		brne .L18
 143               	.LM32:
 144 0096 C698      		cbi 56-32,6
 145 0098 0895      		ret
 146               	.L18:
 147               	.LM33:
 148 009a 8131      		cpi r24,17
 149 009c 9105      		cpc r25,__zero_reg__
 150 009e 01F4      		brne .L19
 151               	.LM34:
 152 00a0 C798      		cbi 56-32,7
 153 00a2 0895      		ret
 154               	.L19:
 155               	.LM35:
 156 00a4 8431      		cpi r24,20
 157 00a6 9105      		cpc r25,__zero_reg__
 158 00a8 01F4      		brne .L20
 159               	.LM36:
 160 00aa A898      		cbi 53-32,0
 161 00ac 0895      		ret
 162               	.L20:
 163               	.LM37:
 164 00ae 8531      		cpi r24,21
 165 00b0 9105      		cpc r25,__zero_reg__
 166 00b2 01F4      		brne .L21
 167               	.LM38:
 168 00b4 A998      		cbi 53-32,1
 169 00b6 0895      		ret
 170               	.L21:
 171               	.LM39:
 172 00b8 8631      		cpi r24,22
 173 00ba 9105      		cpc r25,__zero_reg__
 174 00bc 01F4      		brne .L22
 175               	.LM40:
 176 00be AA98      		cbi 53-32,2
 177 00c0 0895      		ret
 178               	.L22:
 179               	.LM41:
 180 00c2 8731      		cpi r24,23
 181 00c4 9105      		cpc r25,__zero_reg__
 182 00c6 01F4      		brne .L23
 183               	.LM42:
 184 00c8 AB98      		cbi 53-32,3
 185 00ca 0895      		ret
 186               	.L23:
 187               	.LM43:
 188 00cc 8831      		cpi r24,24
 189 00ce 9105      		cpc r25,__zero_reg__
 190 00d0 01F4      		brne .L24
 191               	.LM44:
 192 00d2 AC98      		cbi 53-32,4
 193 00d4 0895      		ret
 194               	.L24:
 195               	.LM45:
 196 00d6 8931      		cpi r24,25
 197 00d8 9105      		cpc r25,__zero_reg__
 198 00da 01F4      		brne .L25
 199               	.LM46:
 200 00dc AD98      		cbi 53-32,5
 201 00de 0895      		ret
 202               	.L25:
 203               	.LM47:
 204 00e0 8A31      		cpi r24,26
 205 00e2 9105      		cpc r25,__zero_reg__
 206 00e4 01F4      		brne .L26
 207               	.LM48:
 208 00e6 AE98      		cbi 53-32,6
 209 00e8 0895      		ret
 210               	.L26:
 211               	.LM49:
 212 00ea 8B31      		cpi r24,27
 213 00ec 9105      		cpc r25,__zero_reg__
 214 00ee 01F4      		brne .L27
 215               	.LM50:
 216 00f0 AF98      		cbi 53-32,7
 217 00f2 0895      		ret
 218               	.L27:
 219               	.LM51:
 220 00f4 8E31      		cpi r24,30
 221 00f6 9105      		cpc r25,__zero_reg__
 222 00f8 01F4      		brne .L28
 223               	.LM52:
 224 00fa 9098      		cbi 50-32,0
 225 00fc 0895      		ret
 226               	.L28:
 227               	.LM53:
 228 00fe 8F31      		cpi r24,31
 229 0100 9105      		cpc r25,__zero_reg__
 230 0102 01F4      		brne .L29
 231               	.LM54:
 232 0104 9198      		cbi 50-32,1
 233 0106 0895      		ret
 234               	.L29:
 235               	.LM55:
 236 0108 8032      		cpi r24,32
 237 010a 9105      		cpc r25,__zero_reg__
 238 010c 01F4      		brne .L30
 239               	.LM56:
 240 010e 9298      		cbi 50-32,2
 241 0110 0895      		ret
 242               	.L30:
 243               	.LM57:
 244 0112 8132      		cpi r24,33
 245 0114 9105      		cpc r25,__zero_reg__
 246 0116 01F4      		brne .L31
 247               	.LM58:
 248 0118 9398      		cbi 50-32,3
 249 011a 0895      		ret
 250               	.L31:
 251               	.LM59:
 252 011c 8232      		cpi r24,34
 253 011e 9105      		cpc r25,__zero_reg__
 254 0120 01F4      		brne .L32
 255               	.LM60:
 256 0122 9498      		cbi 50-32,4
 257 0124 0895      		ret
 258               	.L32:
 259               	.LM61:
 260 0126 8332      		cpi r24,35
 261 0128 9105      		cpc r25,__zero_reg__
 262 012a 01F4      		brne .L33
 263               	.LM62:
 264 012c 9598      		cbi 50-32,5
 265 012e 0895      		ret
 266               	.L33:
 267               	.LM63:
 268 0130 8432      		cpi r24,36
 269 0132 9105      		cpc r25,__zero_reg__
 270 0134 01F4      		brne .L34
 271               	.LM64:
 272 0136 9698      		cbi 50-32,6
 273 0138 0895      		ret
 274               	.L34:
 275               	.LM65:
 276 013a 8597      		sbiw r24,37
 277 013c 01F0      		breq .+2
 278 013e 00C0      		rjmp .L66
 279               	.LM66:
 280 0140 9798      		cbi 50-32,7
 281 0142 0895      		ret
 282               	.L2:
 283               	.LM67:
 284 0144 0097      		sbiw r24,0
 285 0146 01F4      		brne .L35
 286               	.LM68:
 287 0148 D89A      		sbi 59-32,0
 288 014a 0895      		ret
 289               	.L35:
 290               	.LM69:
 291 014c 8130      		cpi r24,1
 292 014e 9105      		cpc r25,__zero_reg__
 293 0150 01F4      		brne .L36
 294               	.LM70:
 295 0152 D99A      		sbi 59-32,1
 296 0154 0895      		ret
 297               	.L36:
 298               	.LM71:
 299 0156 8230      		cpi r24,2
 300 0158 9105      		cpc r25,__zero_reg__
 301 015a 01F4      		brne .L37
 302               	.LM72:
 303 015c DA9A      		sbi 59-32,2
 304 015e 0895      		ret
 305               	.L37:
 306               	.LM73:
 307 0160 8330      		cpi r24,3
 308 0162 9105      		cpc r25,__zero_reg__
 309 0164 01F4      		brne .L38
 310               	.LM74:
 311 0166 DB9A      		sbi 59-32,3
 312 0168 0895      		ret
 313               	.L38:
 314               	.LM75:
 315 016a 8430      		cpi r24,4
 316 016c 9105      		cpc r25,__zero_reg__
 317 016e 01F4      		brne .L39
 318               	.LM76:
 319 0170 DC9A      		sbi 59-32,4
 320 0172 0895      		ret
 321               	.L39:
 322               	.LM77:
 323 0174 8530      		cpi r24,5
 324 0176 9105      		cpc r25,__zero_reg__
 325 0178 01F4      		brne .L40
 326               	.LM78:
 327 017a DD9A      		sbi 59-32,5
 328 017c 0895      		ret
 329               	.L40:
 330               	.LM79:
 331 017e 8630      		cpi r24,6
 332 0180 9105      		cpc r25,__zero_reg__
 333 0182 01F4      		brne .L41
 334               	.LM80:
 335 0184 DE9A      		sbi 59-32,6
 336 0186 0895      		ret
 337               	.L41:
 338               	.LM81:
 339 0188 8730      		cpi r24,7
 340 018a 9105      		cpc r25,__zero_reg__
 341 018c 01F4      		brne .L42
 342               	.LM82:
 343 018e DF9A      		sbi 59-32,7
 344 0190 0895      		ret
 345               	.L42:
 346               	.LM83:
 347 0192 8A30      		cpi r24,10
 348 0194 9105      		cpc r25,__zero_reg__
 349 0196 01F4      		brne .L43
 350               	.LM84:
 351 0198 C09A      		sbi 56-32,0
 352 019a 0895      		ret
 353               	.L43:
 354               	.LM85:
 355 019c 8B30      		cpi r24,11
 356 019e 9105      		cpc r25,__zero_reg__
 357 01a0 01F4      		brne .L44
 358               	.LM86:
 359 01a2 C19A      		sbi 56-32,1
 360 01a4 0895      		ret
 361               	.L44:
 362               	.LM87:
 363 01a6 8C30      		cpi r24,12
 364 01a8 9105      		cpc r25,__zero_reg__
 365 01aa 01F4      		brne .L45
 366               	.LM88:
 367 01ac C29A      		sbi 56-32,2
 368 01ae 0895      		ret
 369               	.L45:
 370               	.LM89:
 371 01b0 8D30      		cpi r24,13
 372 01b2 9105      		cpc r25,__zero_reg__
 373 01b4 01F4      		brne .L46
 374               	.LM90:
 375 01b6 C39A      		sbi 56-32,3
 376 01b8 0895      		ret
 377               	.L46:
 378               	.LM91:
 379 01ba 8E30      		cpi r24,14
 380 01bc 9105      		cpc r25,__zero_reg__
 381 01be 01F4      		brne .L47
 382               	.LM92:
 383 01c0 C49A      		sbi 56-32,4
 384 01c2 0895      		ret
 385               	.L47:
 386               	.LM93:
 387 01c4 8F30      		cpi r24,15
 388 01c6 9105      		cpc r25,__zero_reg__
 389 01c8 01F4      		brne .L48
 390               	.LM94:
 391 01ca C59A      		sbi 56-32,5
 392 01cc 0895      		ret
 393               	.L48:
 394               	.LM95:
 395 01ce 8031      		cpi r24,16
 396 01d0 9105      		cpc r25,__zero_reg__
 397 01d2 01F4      		brne .L49
 398               	.LM96:
 399 01d4 C69A      		sbi 56-32,6
 400 01d6 0895      		ret
 401               	.L49:
 402               	.LM97:
 403 01d8 8131      		cpi r24,17
 404 01da 9105      		cpc r25,__zero_reg__
 405 01dc 01F4      		brne .L50
 406               	.LM98:
 407 01de C79A      		sbi 56-32,7
 408 01e0 0895      		ret
 409               	.L50:
 410               	.LM99:
 411 01e2 8431      		cpi r24,20
 412 01e4 9105      		cpc r25,__zero_reg__
 413 01e6 01F4      		brne .L51
 414               	.LM100:
 415 01e8 A89A      		sbi 53-32,0
 416 01ea 0895      		ret
 417               	.L51:
 418               	.LM101:
 419 01ec 8531      		cpi r24,21
 420 01ee 9105      		cpc r25,__zero_reg__
 421 01f0 01F4      		brne .L52
 422               	.LM102:
 423 01f2 A99A      		sbi 53-32,1
 424 01f4 0895      		ret
 425               	.L52:
 426               	.LM103:
 427 01f6 8631      		cpi r24,22
 428 01f8 9105      		cpc r25,__zero_reg__
 429 01fa 01F4      		brne .L53
 430               	.LM104:
 431 01fc AA9A      		sbi 53-32,2
 432 01fe 0895      		ret
 433               	.L53:
 434               	.LM105:
 435 0200 8731      		cpi r24,23
 436 0202 9105      		cpc r25,__zero_reg__
 437 0204 01F4      		brne .L54
 438               	.LM106:
 439 0206 AB9A      		sbi 53-32,3
 440 0208 0895      		ret
 441               	.L54:
 442               	.LM107:
 443 020a 8831      		cpi r24,24
 444 020c 9105      		cpc r25,__zero_reg__
 445 020e 01F4      		brne .L55
 446               	.LM108:
 447 0210 AC9A      		sbi 53-32,4
 448 0212 0895      		ret
 449               	.L55:
 450               	.LM109:
 451 0214 8931      		cpi r24,25
 452 0216 9105      		cpc r25,__zero_reg__
 453 0218 01F4      		brne .L56
 454               	.LM110:
 455 021a AD9A      		sbi 53-32,5
 456 021c 0895      		ret
 457               	.L56:
 458               	.LM111:
 459 021e 8A31      		cpi r24,26
 460 0220 9105      		cpc r25,__zero_reg__
 461 0222 01F4      		brne .L57
 462               	.LM112:
 463 0224 AE9A      		sbi 53-32,6
 464 0226 0895      		ret
 465               	.L57:
 466               	.LM113:
 467 0228 8B31      		cpi r24,27
 468 022a 9105      		cpc r25,__zero_reg__
 469 022c 01F4      		brne .L58
 470               	.LM114:
 471 022e AF9A      		sbi 53-32,7
 472 0230 0895      		ret
 473               	.L58:
 474               	.LM115:
 475 0232 8E31      		cpi r24,30
 476 0234 9105      		cpc r25,__zero_reg__
 477 0236 01F4      		brne .L59
 478               	.LM116:
 479 0238 909A      		sbi 50-32,0
 480 023a 0895      		ret
 481               	.L59:
 482               	.LM117:
 483 023c 8F31      		cpi r24,31
 484 023e 9105      		cpc r25,__zero_reg__
 485 0240 01F4      		brne .L60
 486               	.LM118:
 487 0242 919A      		sbi 50-32,1
 488 0244 0895      		ret
 489               	.L60:
 490               	.LM119:
 491 0246 8032      		cpi r24,32
 492 0248 9105      		cpc r25,__zero_reg__
 493 024a 01F4      		brne .L61
 494               	.LM120:
 495 024c 929A      		sbi 50-32,2
 496 024e 0895      		ret
 497               	.L61:
 498               	.LM121:
 499 0250 8132      		cpi r24,33
 500 0252 9105      		cpc r25,__zero_reg__
 501 0254 01F4      		brne .L62
 502               	.LM122:
 503 0256 939A      		sbi 50-32,3
 504 0258 0895      		ret
 505               	.L62:
 506               	.LM123:
 507 025a 8232      		cpi r24,34
 508 025c 9105      		cpc r25,__zero_reg__
 509 025e 01F4      		brne .L63
 510               	.LM124:
 511 0260 949A      		sbi 50-32,4
 512 0262 0895      		ret
 513               	.L63:
 514               	.LM125:
 515 0264 8332      		cpi r24,35
 516 0266 9105      		cpc r25,__zero_reg__
 517 0268 01F4      		brne .L64
 518               	.LM126:
 519 026a 959A      		sbi 50-32,5
 520 026c 0895      		ret
 521               	.L64:
 522               	.LM127:
 523 026e 8432      		cpi r24,36
 524 0270 9105      		cpc r25,__zero_reg__
 525 0272 01F4      		brne .L65
 526               	.LM128:
 527 0274 969A      		sbi 50-32,6
 528 0276 0895      		ret
 529               	.L65:
 530               	.LM129:
 531 0278 8597      		sbiw r24,37
 532 027a 01F4      		brne .L66
 533               	.LM130:
 534 027c 979A      		sbi 50-32,7
 535               	.L66:
 536 027e 0895      		ret
 537               	.LFE6:
 539               	.global	Lcd4_Port
 541               	Lcd4_Port:
 542               	.LFB7:
 543               	.LM131:
 544               	.LVL1:
 545 0280 CF93      		push r28
 546 0282 DF93      		push r29
 547               	/* prologue: function */
 548               	/* frame size = 0 */
 549               	.LM132:
 550 0284 C82F      		mov r28,r24
 551 0286 80FF      		sbrs r24,0
 552 0288 00C0      		rjmp .L68
 553               	.LVL2:
 554               	.LM133:
 555 028a 88E1      		ldi r24,lo8(24)
 556 028c 90E0      		ldi r25,hi8(24)
 557 028e 61E0      		ldi r22,lo8(1)
 558 0290 70E0      		ldi r23,hi8(1)
 559 0292 00C0      		rjmp .L77
 560               	.L68:
 561               	.LM134:
 562 0294 88E1      		ldi r24,lo8(24)
 563 0296 90E0      		ldi r25,hi8(24)
 564 0298 60E0      		ldi r22,lo8(0)
 565 029a 70E0      		ldi r23,hi8(0)
 566               	.L77:
 567 029c 0E94 0000 		call pinChange
 568               	.LM135:
 569 02a0 C1FF      		sbrs r28,1
 570 02a2 00C0      		rjmp .L70
 571               	.LM136:
 572 02a4 89E1      		ldi r24,lo8(25)
 573 02a6 90E0      		ldi r25,hi8(25)
 574 02a8 61E0      		ldi r22,lo8(1)
 575 02aa 70E0      		ldi r23,hi8(1)
 576 02ac 00C0      		rjmp .L78
 577               	.L70:
 578               	.LM137:
 579 02ae 89E1      		ldi r24,lo8(25)
 580 02b0 90E0      		ldi r25,hi8(25)
 581 02b2 60E0      		ldi r22,lo8(0)
 582 02b4 70E0      		ldi r23,hi8(0)
 583               	.L78:
 584 02b6 0E94 0000 		call pinChange
 585               	.LM138:
 586 02ba C2FF      		sbrs r28,2
 587 02bc 00C0      		rjmp .L72
 588               	.LM139:
 589 02be 8AE1      		ldi r24,lo8(26)
 590 02c0 90E0      		ldi r25,hi8(26)
 591 02c2 61E0      		ldi r22,lo8(1)
 592 02c4 70E0      		ldi r23,hi8(1)
 593 02c6 00C0      		rjmp .L79
 594               	.L72:
 595               	.LM140:
 596 02c8 8AE1      		ldi r24,lo8(26)
 597 02ca 90E0      		ldi r25,hi8(26)
 598 02cc 60E0      		ldi r22,lo8(0)
 599 02ce 70E0      		ldi r23,hi8(0)
 600               	.L79:
 601 02d0 0E94 0000 		call pinChange
 602               	.LM141:
 603 02d4 C3FF      		sbrs r28,3
 604 02d6 00C0      		rjmp .L74
 605               	.LM142:
 606 02d8 8BE1      		ldi r24,lo8(27)
 607 02da 90E0      		ldi r25,hi8(27)
 608 02dc 61E0      		ldi r22,lo8(1)
 609 02de 70E0      		ldi r23,hi8(1)
 610 02e0 00C0      		rjmp .L80
 611               	.L74:
 612               	.LM143:
 613 02e2 8BE1      		ldi r24,lo8(27)
 614 02e4 90E0      		ldi r25,hi8(27)
 615 02e6 60E0      		ldi r22,lo8(0)
 616 02e8 70E0      		ldi r23,hi8(0)
 617               	.L80:
 618 02ea 0E94 0000 		call pinChange
 619               	/* epilogue start */
 620               	.LM144:
 621 02ee DF91      		pop r29
 622 02f0 CF91      		pop r28
 623 02f2 0895      		ret
 624               	.LFE7:
 626               	.global	Lcd4_Cmd
 628               	Lcd4_Cmd:
 629               	.LFB8:
 630               	.LM145:
 631               	.LVL3:
 632 02f4 0F93      		push r16
 633 02f6 1F93      		push r17
 634               	/* prologue: function */
 635               	/* frame size = 0 */
 636 02f8 182F      		mov r17,r24
 637               	.LM146:
 638 02fa 8AE0      		ldi r24,lo8(10)
 639 02fc 90E0      		ldi r25,hi8(10)
 640               	.LVL4:
 641 02fe 60E0      		ldi r22,lo8(0)
 642 0300 70E0      		ldi r23,hi8(0)
 643 0302 0E94 0000 		call pinChange
 644               	.LM147:
 645 0306 812F      		mov r24,r17
 646 0308 0E94 0000 		call Lcd4_Port
 647               	.LM148:
 648 030c 8CE0      		ldi r24,lo8(12)
 649 030e 90E0      		ldi r25,hi8(12)
 650 0310 61E0      		ldi r22,lo8(1)
 651 0312 70E0      		ldi r23,hi8(1)
 652 0314 0E94 0000 		call pinChange
 653               	.LBB62:
 654               	.LBB63:
 655               	.LBB64:
 656               	.LBB65:
 657               	.LM149:
 658 0318 00ED      		ldi r16,lo8(2000)
 659 031a 17E0      		ldi r17,hi8(2000)
 660 031c C801      		movw r24,r16
 661               	.LVL5:
 662               	/* #APP */
 663               	 ;  105 "c:/winavr-20100110/lib/gcc/../../avr/include/util/delay_basic.h" 1
 664 031e 0197      		1: sbiw r24,1
 665 0320 01F4      		brne 1b
 666               	 ;  0 "" 2
 667               	/* #NOAPP */
 668               	.LBE65:
 669               	.LBE64:
 670               	.LBE63:
 671               	.LBE62:
 672               	.LM150:
 673 0322 8CE0      		ldi r24,lo8(12)
 674 0324 90E0      		ldi r25,hi8(12)
 675               	.LVL6:
 676 0326 60E0      		ldi r22,lo8(0)
 677 0328 70E0      		ldi r23,hi8(0)
 678 032a 0E94 0000 		call pinChange
 679               	.LBB66:
 680               	.LBB67:
 681               	.LBB68:
 682               	.LBB69:
 683               	.LM151:
 684 032e C801      		movw r24,r16
 685               	.LVL7:
 686               	/* #APP */
 687               	 ;  105 "c:/winavr-20100110/lib/gcc/../../avr/include/util/delay_basic.h" 1
 688 0330 0197      		1: sbiw r24,1
 689 0332 01F4      		brne 1b
 690               	 ;  0 "" 2
 691               	/* epilogue start */
 692               	/* #NOAPP */
 693               	.LBE69:
 694               	.LBE68:
 695               	.LBE67:
 696               	.LBE66:
 697               	.LM152:
 698 0334 1F91      		pop r17
 699               	.LVL8:
 700 0336 0F91      		pop r16
 701 0338 0895      		ret
 702               	.LFE8:
 704               	.global	Lcd4_Clear
 706               	Lcd4_Clear:
 707               	.LFB9:
 708               	.LM153:
 709               	/* prologue: function */
 710               	/* frame size = 0 */
 711               	.LM154:
 712 033a 80E0      		ldi r24,lo8(0)
 713 033c 0E94 0000 		call Lcd4_Cmd
 714               	.LM155:
 715 0340 81E0      		ldi r24,lo8(1)
 716 0342 0E94 0000 		call Lcd4_Cmd
 717               	/* epilogue start */
 718               	.LM156:
 719 0346 0895      		ret
 720               	.LFE9:
 722               	.global	Lcd4_Set_Cursor
 724               	Lcd4_Set_Cursor:
 725               	.LFB10:
 726               	.LM157:
 727               	.LVL9:
 728 0348 1F93      		push r17
 729               	/* prologue: function */
 730               	/* frame size = 0 */
 731               	.LM158:
 732 034a 8130      		cpi r24,lo8(1)
 733 034c 01F4      		brne .L86
 734               	.LM159:
 735 034e 162F      		mov r17,r22
 736               	.LVL10:
 737 0350 1058      		subi r17,lo8(-(-128))
 738 0352 00C0      		rjmp .L89
 739               	.LVL11:
 740               	.L86:
 741               	.LM160:
 742 0354 8230      		cpi r24,lo8(2)
 743 0356 01F4      		brne .L88
 744               	.LM161:
 745 0358 162F      		mov r17,r22
 746               	.LVL12:
 747 035a 1054      		subi r17,lo8(-(-64))
 748               	.L89:
 749               	.LM162:
 750 035c 812F      		mov r24,r17
 751               	.LVL13:
 752 035e 8295      		swap r24
 753 0360 8F70      		andi r24,lo8(15)
 754 0362 0E94 0000 		call Lcd4_Cmd
 755               	.LVL14:
 756               	.LM163:
 757 0366 812F      		mov r24,r17
 758 0368 8F70      		andi r24,lo8(15)
 759 036a 0E94 0000 		call Lcd4_Cmd
 760               	.LVL15:
 761               	.L88:
 762               	/* epilogue start */
 763               	.LM164:
 764 036e 1F91      		pop r17
 765               	.LVL16:
 766 0370 0895      		ret
 767               	.LFE10:
 769               	.global	Lcd4_Init
 771               	Lcd4_Init:
 772               	.LFB11:
 773               	.LM165:
 774               	/* prologue: function */
 775               	/* frame size = 0 */
 776               	.LM166:
 777 0372 8FEF      		ldi r24,lo8(-1)
 778 0374 84BB      		out 52-32,r24
 779               	.LM167:
 780 0376 87BB      		out 55-32,r24
 781               	.LM168:
 782 0378 80E0      		ldi r24,lo8(0)
 783 037a 0E94 0000 		call Lcd4_Port
 784               	.LBB70:
 785               	.LBB71:
 786               	.LBB72:
 787               	.LBB73:
 788               	.LM169:
 789 037e 80E4      		ldi r24,lo8(-25536)
 790 0380 9CE9      		ldi r25,hi8(-25536)
 791               	.LVL17:
 792               	/* #APP */
 793               	 ;  105 "c:/winavr-20100110/lib/gcc/../../avr/include/util/delay_basic.h" 1
 794 0382 0197      		1: sbiw r24,1
 795 0384 01F4      		brne 1b
 796               	 ;  0 "" 2
 797               	/* #NOAPP */
 798               	.LBE73:
 799               	.LBE72:
 800               	.LBE71:
 801               	.LBE70:
 802               	.LM170:
 803 0386 83E0      		ldi r24,lo8(3)
 804               	.LVL18:
 805 0388 0E94 0000 		call Lcd4_Cmd
 806               	.LBB74:
 807               	.LBB75:
 808               	.LBB76:
 809               	.LBB77:
 810               	.LM171:
 811 038c 80E1      		ldi r24,lo8(10000)
 812 038e 97E2      		ldi r25,hi8(10000)
 813               	.LVL19:
 814               	/* #APP */
 815               	 ;  105 "c:/winavr-20100110/lib/gcc/../../avr/include/util/delay_basic.h" 1
 816 0390 0197      		1: sbiw r24,1
 817 0392 01F4      		brne 1b
 818               	 ;  0 "" 2
 819               	/* #NOAPP */
 820               	.LBE77:
 821               	.LBE76:
 822               	.LBE75:
 823               	.LBE74:
 824               	.LM172:
 825 0394 83E0      		ldi r24,lo8(3)
 826               	.LVL20:
 827 0396 0E94 0000 		call Lcd4_Cmd
 828               	.LBB78:
 829               	.LBB79:
 830               	.LBB80:
 831               	.LBB81:
 832               	.LM173:
 833 039a 80EF      		ldi r24,lo8(22000)
 834 039c 95E5      		ldi r25,hi8(22000)
 835               	.LVL21:
 836               	/* #APP */
 837               	 ;  105 "c:/winavr-20100110/lib/gcc/../../avr/include/util/delay_basic.h" 1
 838 039e 0197      		1: sbiw r24,1
 839 03a0 01F4      		brne 1b
 840               	 ;  0 "" 2
 841               	/* #NOAPP */
 842               	.LBE81:
 843               	.LBE80:
 844               	.LBE79:
 845               	.LBE78:
 846               	.LM174:
 847 03a2 83E0      		ldi r24,lo8(3)
 848               	.LVL22:
 849 03a4 0E94 0000 		call Lcd4_Cmd
 850               	.LM175:
 851 03a8 82E0      		ldi r24,lo8(2)
 852 03aa 0E94 0000 		call Lcd4_Cmd
 853               	.LM176:
 854 03ae 82E0      		ldi r24,lo8(2)
 855 03b0 0E94 0000 		call Lcd4_Cmd
 856               	.LM177:
 857 03b4 88E0      		ldi r24,lo8(8)
 858 03b6 0E94 0000 		call Lcd4_Cmd
 859               	.LM178:
 860 03ba 80E0      		ldi r24,lo8(0)
 861 03bc 0E94 0000 		call Lcd4_Cmd
 862               	.LM179:
 863 03c0 8CE0      		ldi r24,lo8(12)
 864 03c2 0E94 0000 		call Lcd4_Cmd
 865               	.LM180:
 866 03c6 80E0      		ldi r24,lo8(0)
 867 03c8 0E94 0000 		call Lcd4_Cmd
 868               	.LM181:
 869 03cc 86E0      		ldi r24,lo8(6)
 870 03ce 0E94 0000 		call Lcd4_Cmd
 871               	/* epilogue start */
 872               	.LM182:
 873 03d2 0895      		ret
 874               	.LFE11:
 876               	.global	Lcd4_Write_Char
 878               	Lcd4_Write_Char:
 879               	.LFB12:
 880               	.LM183:
 881               	.LVL23:
 882 03d4 FF92      		push r15
 883 03d6 0F93      		push r16
 884 03d8 1F93      		push r17
 885               	/* prologue: function */
 886               	/* frame size = 0 */
 887 03da F82E      		mov r15,r24
 888               	.LM184:
 889 03dc 8AE0      		ldi r24,lo8(10)
 890 03de 90E0      		ldi r25,hi8(10)
 891               	.LVL24:
 892 03e0 61E0      		ldi r22,lo8(1)
 893 03e2 70E0      		ldi r23,hi8(1)
 894 03e4 0E94 0000 		call pinChange
 895               	.LM185:
 896 03e8 8F2D      		mov r24,r15
 897 03ea 8295      		swap r24
 898 03ec 8F70      		andi r24,lo8(15)
 899 03ee 0E94 0000 		call Lcd4_Port
 900               	.LM186:
 901 03f2 8CE0      		ldi r24,lo8(12)
 902 03f4 90E0      		ldi r25,hi8(12)
 903 03f6 61E0      		ldi r22,lo8(1)
 904 03f8 70E0      		ldi r23,hi8(1)
 905 03fa 0E94 0000 		call pinChange
 906               	.LBB82:
 907               	.LBB83:
 908               	.LBB84:
 909               	.LBB85:
 910               	.LM187:
 911 03fe 00ED      		ldi r16,lo8(2000)
 912 0400 17E0      		ldi r17,hi8(2000)
 913 0402 C801      		movw r24,r16
 914               	.LVL25:
 915               	/* #APP */
 916               	 ;  105 "c:/winavr-20100110/lib/gcc/../../avr/include/util/delay_basic.h" 1
 917 0404 0197      		1: sbiw r24,1
 918 0406 01F4      		brne 1b
 919               	 ;  0 "" 2
 920               	/* #NOAPP */
 921               	.LBE85:
 922               	.LBE84:
 923               	.LBE83:
 924               	.LBE82:
 925               	.LM188:
 926 0408 8CE0      		ldi r24,lo8(12)
 927 040a 90E0      		ldi r25,hi8(12)
 928               	.LVL26:
 929 040c 60E0      		ldi r22,lo8(0)
 930 040e 70E0      		ldi r23,hi8(0)
 931 0410 0E94 0000 		call pinChange
 932               	.LBB86:
 933               	.LBB87:
 934               	.LBB88:
 935               	.LBB89:
 936               	.LM189:
 937 0414 C801      		movw r24,r16
 938               	.LVL27:
 939               	/* #APP */
 940               	 ;  105 "c:/winavr-20100110/lib/gcc/../../avr/include/util/delay_basic.h" 1
 941 0416 0197      		1: sbiw r24,1
 942 0418 01F4      		brne 1b
 943               	 ;  0 "" 2
 944               	/* #NOAPP */
 945               	.LBE89:
 946               	.LBE88:
 947               	.LBE87:
 948               	.LBE86:
 949               	.LM190:
 950 041a 8F2D      		mov r24,r15
 951               	.LVL28:
 952 041c 8F70      		andi r24,lo8(15)
 953 041e 0E94 0000 		call Lcd4_Port
 954               	.LM191:
 955 0422 8CE0      		ldi r24,lo8(12)
 956 0424 90E0      		ldi r25,hi8(12)
 957 0426 61E0      		ldi r22,lo8(1)
 958 0428 70E0      		ldi r23,hi8(1)
 959 042a 0E94 0000 		call pinChange
 960               	.LBB90:
 961               	.LBB91:
 962               	.LBB92:
 963               	.LBB93:
 964               	.LM192:
 965 042e C801      		movw r24,r16
 966               	.LVL29:
 967               	/* #APP */
 968               	 ;  105 "c:/winavr-20100110/lib/gcc/../../avr/include/util/delay_basic.h" 1
 969 0430 0197      		1: sbiw r24,1
 970 0432 01F4      		brne 1b
 971               	 ;  0 "" 2
 972               	/* #NOAPP */
 973               	.LBE93:
 974               	.LBE92:
 975               	.LBE91:
 976               	.LBE90:
 977               	.LM193:
 978 0434 8CE0      		ldi r24,lo8(12)
 979 0436 90E0      		ldi r25,hi8(12)
 980               	.LVL30:
 981 0438 60E0      		ldi r22,lo8(0)
 982 043a 70E0      		ldi r23,hi8(0)
 983 043c 0E94 0000 		call pinChange
 984               	.LBB94:
 985               	.LBB95:
 986               	.LBB96:
 987               	.LBB97:
 988               	.LM194:
 989 0440 C801      		movw r24,r16
 990               	.LVL31:
 991               	/* #APP */
 992               	 ;  105 "c:/winavr-20100110/lib/gcc/../../avr/include/util/delay_basic.h" 1
 993 0442 0197      		1: sbiw r24,1
 994 0444 01F4      		brne 1b
 995               	 ;  0 "" 2
 996               	/* epilogue start */
 997               	/* #NOAPP */
 998               	.LBE97:
 999               	.LBE96:
 1000               	.LBE95:
 1001               	.LBE94:
 1002               	.LM195:
 1003 0446 1F91      		pop r17
 1004 0448 0F91      		pop r16
 1005 044a FF90      		pop r15
 1006               	.LVL32:
 1007 044c 0895      		ret
 1008               	.LFE12:
 1010               	.global	Lcd4_Write_String
 1012               	Lcd4_Write_String:
 1013               	.LFB13:
 1014               	.LM196:
 1015               	.LVL33:
 1016 044e CF93      		push r28
 1017 0450 DF93      		push r29
 1018               	/* prologue: function */
 1019               	/* frame size = 0 */
 1020               	.LM197:
 1021 0452 EC01      		movw r28,r24
 1022               	.LVL34:
 1023 0454 00C0      		rjmp .L95
 1024               	.L96:
 1025               	.LM198:
 1026 0456 0E94 0000 		call Lcd4_Write_Char
 1027               	.L95:
 1028               	.LM199:
 1029 045a 8991      		ld r24,Y+
 1030 045c 8823      		tst r24
 1031 045e 01F4      		brne .L96
 1032               	/* epilogue start */
 1033               	.LM200:
 1034 0460 DF91      		pop r29
 1035 0462 CF91      		pop r28
 1036 0464 0895      		ret
 1037               	.LFE13:
 1039               	.global	Lcd4_Shift_Right
 1041               	Lcd4_Shift_Right:
 1042               	.LFB14:
 1043               	.LM201:
 1044               	/* prologue: function */
 1045               	/* frame size = 0 */
 1046               	.LM202:
 1047 0466 81E0      		ldi r24,lo8(1)
 1048 0468 0E94 0000 		call Lcd4_Cmd
 1049               	.LM203:
 1050 046c 8CE0      		ldi r24,lo8(12)
 1051 046e 0E94 0000 		call Lcd4_Cmd
 1052               	/* epilogue start */
 1053               	.LM204:
 1054 0472 0895      		ret
 1055               	.LFE14:
 1057               	.global	Lcd4_Shift_Left
 1059               	Lcd4_Shift_Left:
 1060               	.LFB15:
 1061               	.LM205:
 1062               	/* prologue: function */
 1063               	/* frame size = 0 */
 1064               	.LM206:
 1065 0474 81E0      		ldi r24,lo8(1)
 1066 0476 0E94 0000 		call Lcd4_Cmd
 1067               	.LM207:
 1068 047a 88E0      		ldi r24,lo8(8)
 1069 047c 0E94 0000 		call Lcd4_Cmd
 1070               	/* epilogue start */
 1071               	.LM208:
 1072 0480 0895      		ret
 1073               	.LFE15:
 1075               	.global	__vector_1
 1077               	__vector_1:
 1078               	.LFB18:
 1079               	.LM209:
 1080 0482 1F92      		push __zero_reg__
 1081 0484 0F92      		push r0
 1082 0486 0FB6      		in r0,__SREG__
 1083 0488 0F92      		push r0
 1084 048a 1124      		clr __zero_reg__
 1085               	/* prologue: Signal */
 1086               	/* frame size = 0 */
 1087               	.LM210:
 1088 048c 9498      		cbi 50-32,4
 1089               	/* epilogue start */
 1090               	.LM211:
 1091 048e 0F90      		pop r0
 1092 0490 0FBE      		out __SREG__,r0
 1093 0492 0F90      		pop r0
 1094 0494 1F90      		pop __zero_reg__
 1095 0496 1895      		reti
 1096               	.LFE18:
 1098               	.global	init_adc
 1100               	init_adc:
 1101               	.LFB19:
 1102               	.LM212:
 1103               	/* prologue: function */
 1104               	/* frame size = 0 */
 1105               	.LM213:
 1106 0498 D298      		cbi 58-32,2
 1107               	.LM214:
 1108 049a 80E4      		ldi r24,lo8(64)
 1109 049c 87B9      		out 39-32,r24
 1110               	.LM215:
 1111 049e 86E8      		ldi r24,lo8(-122)
 1112 04a0 86B9      		out 38-32,r24
 1113               	/* epilogue start */
 1114               	.LM216:
 1115 04a2 0895      		ret
 1116               	.LFE19:
 1118               	.global	read_adc
 1120               	read_adc:
 1121               	.LFB20:
 1122               	.LM217:
 1123               	.LVL35:
 1124               	/* prologue: function */
 1125               	/* frame size = 0 */
 1126               	.LM218:
 1127 04a4 97B1      		in r25,39-32
 1128 04a6 8F70      		andi r24,lo8(15)
 1129               	.LVL36:
 1130 04a8 892B      		or r24,r25
 1131 04aa 87B9      		out 39-32,r24
 1132               	.LM219:
 1133 04ac 369A      		sbi 38-32,6
 1134               	.L107:
 1135               	.LM220:
 1136 04ae 3699      		sbic 38-32,6
 1137 04b0 00C0      		rjmp .L107
 1138               	.LM221:
 1139 04b2 24B1      		in r18,36-32
 1140 04b4 35B1      		in r19,(36)+1-32
 1141               	.LM222:
 1142 04b6 C901      		movw r24,r18
 1143               	/* epilogue start */
 1144 04b8 0895      		ret
 1145               	.LFE20:
 1147               	.global	Weight
 1149               	Weight:
 1150               	.LFB21:
 1151               	.LM223:
 1152 04ba AF92      		push r10
 1153 04bc BF92      		push r11
 1154 04be CF92      		push r12
 1155 04c0 DF92      		push r13
 1156 04c2 EF92      		push r14
 1157 04c4 FF92      		push r15
 1158 04c6 0F93      		push r16
 1159 04c8 1F93      		push r17
 1160               	/* prologue: function */
 1161               	/* frame size = 0 */
 1162               	.LM224:
 1163 04ca 82E0      		ldi r24,lo8(2)
 1164 04cc 0E94 0000 		call read_adc
 1165 04d0 A0E0      		ldi r26,lo8(0)
 1166 04d2 B0E0      		ldi r27,hi8(0)
 1167 04d4 BC01      		movw r22,r24
 1168 04d6 CD01      		movw r24,r26
 1169 04d8 0E94 0000 		call __floatunsisf
 1170 04dc 6093 0000 		sts ad_val,r22
 1171 04e0 7093 0000 		sts (ad_val)+1,r23
 1172 04e4 8093 0000 		sts (ad_val)+2,r24
 1173 04e8 9093 0000 		sts (ad_val)+3,r25
 1174               	.LM225:
 1175 04ec 20E0      		ldi r18,lo8(0x40a00000)
 1176 04ee 30E0      		ldi r19,hi8(0x40a00000)
 1177 04f0 40EA      		ldi r20,hlo8(0x40a00000)
 1178 04f2 50E4      		ldi r21,hhi8(0x40a00000)
 1179 04f4 0E94 0000 		call __mulsf3
 1180 04f8 20E0      		ldi r18,lo8(0x3a800000)
 1181 04fa 30E0      		ldi r19,hi8(0x3a800000)
 1182 04fc 40E8      		ldi r20,hlo8(0x3a800000)
 1183 04fe 5AE3      		ldi r21,hhi8(0x3a800000)
 1184 0500 0E94 0000 		call __mulsf3
 1185 0504 20E0      		ldi r18,lo8(0x461c4000)
 1186 0506 30E4      		ldi r19,hi8(0x461c4000)
 1187 0508 4CE1      		ldi r20,hlo8(0x461c4000)
 1188 050a 56E4      		ldi r21,hhi8(0x461c4000)
 1189 050c 0E94 0000 		call __mulsf3
 1190 0510 6093 0000 		sts Voltage,r22
 1191 0514 7093 0000 		sts (Voltage)+1,r23
 1192 0518 8093 0000 		sts (Voltage)+2,r24
 1193 051c 9093 0000 		sts (Voltage)+3,r25
 1194               	.LM226:
 1195 0520 A090 0000 		lds r10,x
 1196 0524 B090 0000 		lds r11,(x)+1
 1197 0528 C090 0000 		lds r12,(x)+2
 1198 052c D090 0000 		lds r13,(x)+3
 1199 0530 A601      		movw r20,r12
 1200 0532 9501      		movw r18,r10
 1201 0534 0E94 0000 		call __subsf3
 1202 0538 20E0      		ldi r18,lo8(0x42c80000)
 1203 053a 30E0      		ldi r19,hi8(0x42c80000)
 1204 053c 48EC      		ldi r20,hlo8(0x42c80000)
 1205 053e 52E4      		ldi r21,hhi8(0x42c80000)
 1206 0540 0E94 0000 		call __mulsf3
 1207 0544 7B01      		movw r14,r22
 1208 0546 8C01      		movw r16,r24
 1209 0548 6091 0000 		lds r22,y
 1210 054c 7091 0000 		lds r23,(y)+1
 1211 0550 8091 0000 		lds r24,(y)+2
 1212 0554 9091 0000 		lds r25,(y)+3
 1213 0558 A601      		movw r20,r12
 1214 055a 9501      		movw r18,r10
 1215 055c 0E94 0000 		call __subsf3
 1216 0560 9B01      		movw r18,r22
 1217 0562 AC01      		movw r20,r24
 1218 0564 C801      		movw r24,r16
 1219 0566 B701      		movw r22,r14
 1220 0568 0E94 0000 		call __divsf3
 1221 056c 0E94 0000 		call __fixsfsi
 1222 0570 9B01      		movw r18,r22
 1223 0572 AC01      		movw r20,r24
 1224 0574 6093 0000 		sts z,r22
 1225 0578 3093 0000 		sts z+1,r19
 1226               	.LM227:
 1227 057c CB01      		movw r24,r22
 1228               	/* epilogue start */
 1229 057e 1F91      		pop r17
 1230 0580 0F91      		pop r16
 1231 0582 FF90      		pop r15
 1232 0584 EF90      		pop r14
 1233 0586 DF90      		pop r13
 1234 0588 CF90      		pop r12
 1235 058a BF90      		pop r11
 1236 058c AF90      		pop r10
 1237 058e 0895      		ret
 1238               	.LFE21:
 1240               	.global	__vector_10
 1242               	__vector_10:
 1243               	.LFB17:
 1244               	.LM228:
 1245 0590 1F92      		push __zero_reg__
 1246 0592 0F92      		push r0
 1247 0594 0FB6      		in r0,__SREG__
 1248 0596 0F92      		push r0
 1249 0598 1124      		clr __zero_reg__
 1250 059a 2F93      		push r18
 1251 059c 3F93      		push r19
 1252 059e 4F93      		push r20
 1253 05a0 5F93      		push r21
 1254 05a2 6F93      		push r22
 1255 05a4 7F93      		push r23
 1256 05a6 8F93      		push r24
 1257 05a8 9F93      		push r25
 1258 05aa AF93      		push r26
 1259 05ac BF93      		push r27
 1260 05ae EF93      		push r30
 1261 05b0 FF93      		push r31
 1262               	/* prologue: Signal */
 1263               	/* frame size = 0 */
 1264               	.LM229:
 1265 05b2 8091 0000 		lds r24,Val_ms
 1266 05b6 8F5F      		subi r24,lo8(-(1))
 1267 05b8 8093 0000 		sts Val_ms,r24
 1268 05bc 8091 0000 		lds r24,Val_ms
 1269 05c0 8436      		cpi r24,lo8(100)
 1270 05c2 01F4      		brne .L114
 1271               	.LM230:
 1272 05c4 1092 0000 		sts Val_ms,__zero_reg__
 1273               	.LM231:
 1274 05c8 8091 0000 		lds r24,ms
 1275 05cc 8F5F      		subi r24,lo8(-(1))
 1276 05ce 8093 0000 		sts ms,r24
 1277 05d2 8091 0000 		lds r24,ms
 1278 05d6 8A30      		cpi r24,lo8(10)
 1279 05d8 01F4      		brne .L114
 1280               	.LM232:
 1281 05da 1092 0000 		sts ms,__zero_reg__
 1282               	.LM233:
 1283 05de 8091 0000 		lds r24,sec
 1284 05e2 8F5F      		subi r24,lo8(-(1))
 1285 05e4 8093 0000 		sts sec,r24
 1286 05e8 8091 0000 		lds r24,sec
 1287 05ec 8C33      		cpi r24,lo8(60)
 1288 05ee 01F4      		brne .L114
 1289               	.LM234:
 1290 05f0 1092 0000 		sts sec,__zero_reg__
 1291               	.LM235:
 1292 05f4 8091 0000 		lds r24,mini
 1293 05f8 8F5F      		subi r24,lo8(-(1))
 1294 05fa 8093 0000 		sts mini,r24
 1295 05fe 8091 0000 		lds r24,mini
 1296 0602 8E31      		cpi r24,lo8(30)
 1297 0604 01F4      		brne .L114
 1298               	.LM236:
 1299 0606 1092 0000 		sts mini,__zero_reg__
 1300               	.LM237:
 1301 060a 0E94 0000 		call Weight
 1302 060e 9093 0000 		sts (pecentage)+1,r25
 1303 0612 8093 0000 		sts pecentage,r24
 1304               	.L114:
 1305               	/* epilogue start */
 1306               	.LM238:
 1307 0616 FF91      		pop r31
 1308 0618 EF91      		pop r30
 1309 061a BF91      		pop r27
 1310 061c AF91      		pop r26
 1311 061e 9F91      		pop r25
 1312 0620 8F91      		pop r24
 1313 0622 7F91      		pop r23
 1314 0624 6F91      		pop r22
 1315 0626 5F91      		pop r21
 1316 0628 4F91      		pop r20
 1317 062a 3F91      		pop r19
 1318 062c 2F91      		pop r18
 1319 062e 0F90      		pop r0
 1320 0630 0FBE      		out __SREG__,r0
 1321 0632 0F90      		pop r0
 1322 0634 1F90      		pop __zero_reg__
 1323 0636 1895      		reti
 1324               	.LFE17:
 1326               		.data
 1327               	.LC0:
 1328 0000 4761 7320 		.string	"Gas Level Is"
 1328      4C65 7665 
 1328      6C20 4973 
 1328      00
 1329               	.LC1:
 1330 000d 2500      		.string	"%"
 1331               		.text
 1332               	.global	main
 1334               	main:
 1335               	.LFB16:
 1336               	.LM239:
 1337 0638 1F93      		push r17
 1338               	/* prologue: function */
 1339               	/* frame size = 0 */
 1340               	.LM240:
 1341 063a 8C9A      		sbi 49-32,4
 1342               	.LM241:
 1343 063c 8D98      		cbi 49-32,5
 1344               	.LM242:
 1345               	/* #APP */
 1346               	 ;  41 "main.c" 1
 1347 063e 7894      		sei
 1348               	 ;  0 "" 2
 1349               	.LM243:
 1350               	/* #NOAPP */
 1351 0640 8BE0      		ldi r24,lo8(11)
 1352 0642 83BF      		out 83-32,r24
 1353               	.LM244:
 1354 0644 82E0      		ldi r24,lo8(2)
 1355 0646 89BF      		out 89-32,r24
 1356               	.LM245:
 1357 0648 8CE7      		ldi r24,lo8(124)
 1358 064a 8CBF      		out 92-32,r24
 1359               	.LM246:
 1360 064c 12BE      		out 82-32,__zero_reg__
 1361               	.LM247:
 1362 064e 8BB7      		in r24,91-32
 1363 0650 8064      		ori r24,lo8(64)
 1364 0652 8BBF      		out 91-32,r24
 1365               	.LM248:
 1366 0654 85B7      		in r24,85-32
 1367 0656 8360      		ori r24,lo8(3)
 1368 0658 85BF      		out 85-32,r24
 1369               	.LBB98:
 1370               	.LBB99:
 1371               	.LM249:
 1372 065a D298      		cbi 58-32,2
 1373               	.LM250:
 1374 065c 80E4      		ldi r24,lo8(64)
 1375 065e 87B9      		out 39-32,r24
 1376               	.LM251:
 1377 0660 86E8      		ldi r24,lo8(-122)
 1378 0662 86B9      		out 38-32,r24
 1379               	.LBE99:
 1380               	.LBE98:
 1381               	.LM252:
 1382 0664 0E94 0000 		call Weight
 1383 0668 9093 0000 		sts (pecentage)+1,r25
 1384 066c 8093 0000 		sts pecentage,r24
 1385               	.LM253:
 1386 0670 1FEF      		ldi r17,lo8(-1)
 1387               	.L120:
 1388               	.LM254:
 1389 0672 859B      		sbis 48-32,5
 1390               	.LM255:
 1391 0674 949A      		sbi 50-32,4
 1392               	.L116:
 1393               	.LM256:
 1394 0676 809B      		sbis 48-32,0
 1395 0678 00C0      		rjmp .L117
 1396               	.LM257:
 1397 067a 14BB      		out 52-32,r17
 1398               	.LM258:
 1399 067c 17BB      		out 55-32,r17
 1400               	.LM259:
 1401 067e 0E94 0000 		call Lcd4_Init
 1402               	.LM260:
 1403 0682 81E0      		ldi r24,lo8(1)
 1404 0684 61E0      		ldi r22,lo8(1)
 1405 0686 0E94 0000 		call Lcd4_Set_Cursor
 1406               	.LM261:
 1407 068a 80E0      		ldi r24,lo8(.LC0)
 1408 068c 90E0      		ldi r25,hi8(.LC0)
 1409 068e 0E94 0000 		call Lcd4_Write_String
 1410               	.LM262:
 1411 0692 82E0      		ldi r24,lo8(2)
 1412 0694 64E0      		ldi r22,lo8(4)
 1413 0696 0E94 0000 		call Lcd4_Set_Cursor
 1414               	.LM263:
 1415 069a 8091 0000 		lds r24,pecentage
 1416 069e 9091 0000 		lds r25,(pecentage)+1
 1417 06a2 60E0      		ldi r22,lo8(buffer)
 1418 06a4 70E0      		ldi r23,hi8(buffer)
 1419 06a6 4AE0      		ldi r20,lo8(10)
 1420 06a8 50E0      		ldi r21,hi8(10)
 1421 06aa 0E94 0000 		call itoa
 1422               	.LM264:
 1423 06ae 80E0      		ldi r24,lo8(buffer)
 1424 06b0 90E0      		ldi r25,hi8(buffer)
 1425 06b2 0E94 0000 		call Lcd4_Write_String
 1426               	.LM265:
 1427 06b6 82E0      		ldi r24,lo8(2)
 1428 06b8 67E0      		ldi r22,lo8(7)
 1429 06ba 0E94 0000 		call Lcd4_Set_Cursor
 1430               	.LM266:
 1431 06be 80E0      		ldi r24,lo8(.LC1)
 1432 06c0 90E0      		ldi r25,hi8(.LC1)
 1433 06c2 0E94 0000 		call Lcd4_Write_String
 1434 06c6 00C0      		rjmp .L120
 1435               	.L117:
 1436               	.LM267:
 1437 06c8 15BA      		out 53-32,__zero_reg__
 1438               	.LM268:
 1439 06ca 18BA      		out 56-32,__zero_reg__
 1440 06cc 00C0      		rjmp .L120
 1441               	.LFE16:
 1443               	.global	ms
 1444               	.global	ms
 1445               		.section .bss
 1448               	ms:
 1449 0000 00        		.skip 1,0
 1450               	.global	mini
 1451               	.global	mini
 1454               	mini:
 1455 0001 00        		.skip 1,0
 1456               	.global	sec
 1457               	.global	sec
 1460               	sec:
 1461 0002 00        		.skip 1,0
 1462               	.global	hour
 1463               	.global	hour
 1466               	hour:
 1467 0003 00        		.skip 1,0
 1468               	.global	Val_ms
 1469               	.global	Val_ms
 1472               	Val_ms:
 1473 0004 00        		.skip 1,0
 1474               	.global	x
 1475               		.data
 1478               	x:
 1479 000f 00        		.byte	0
 1480 0010 00        		.byte	0
 1481 0011 D6        		.byte	-42
 1482 0012 42        		.byte	66
 1483               	.global	y
 1486               	y:
 1487 0013 00        		.byte	0
 1488 0014 00        		.byte	0
 1489 0015 17        		.byte	23
 1490 0016 43        		.byte	67
 1491               	.global	z
 1492               	.global	z
 1493               		.section .bss
 1496               	z:
 1497 0005 0000      		.skip 2,0
 1498               	.global	ad_val
 1499               	.global	ad_val
 1502               	ad_val:
 1503 0007 0000 0000 		.skip 4,0
 1504               		.comm buffer,10,1
 1505               		.comm pecentage,2,1
 1506               		.comm Voltage,4,1
 1651               	.Letext0:
DEFINED SYMBOLS
                            *ABS*:00000000 main.c
C:\Users\ISHARA~1\AppData\Local\Temp/ccQp3pZ1.s:2      *ABS*:0000003f __SREG__
C:\Users\ISHARA~1\AppData\Local\Temp/ccQp3pZ1.s:3      *ABS*:0000003e __SP_H__
C:\Users\ISHARA~1\AppData\Local\Temp/ccQp3pZ1.s:4      *ABS*:0000003d __SP_L__
C:\Users\ISHARA~1\AppData\Local\Temp/ccQp3pZ1.s:5      *ABS*:00000034 __CCP__
C:\Users\ISHARA~1\AppData\Local\Temp/ccQp3pZ1.s:6      *ABS*:00000000 __tmp_reg__
C:\Users\ISHARA~1\AppData\Local\Temp/ccQp3pZ1.s:7      *ABS*:00000001 __zero_reg__
C:\Users\ISHARA~1\AppData\Local\Temp/ccQp3pZ1.s:18     .text:00000000 pinChange
C:\Users\ISHARA~1\AppData\Local\Temp/ccQp3pZ1.s:541    .text:00000280 Lcd4_Port
C:\Users\ISHARA~1\AppData\Local\Temp/ccQp3pZ1.s:628    .text:000002f4 Lcd4_Cmd
C:\Users\ISHARA~1\AppData\Local\Temp/ccQp3pZ1.s:706    .text:0000033a Lcd4_Clear
C:\Users\ISHARA~1\AppData\Local\Temp/ccQp3pZ1.s:724    .text:00000348 Lcd4_Set_Cursor
C:\Users\ISHARA~1\AppData\Local\Temp/ccQp3pZ1.s:771    .text:00000372 Lcd4_Init
C:\Users\ISHARA~1\AppData\Local\Temp/ccQp3pZ1.s:878    .text:000003d4 Lcd4_Write_Char
C:\Users\ISHARA~1\AppData\Local\Temp/ccQp3pZ1.s:1012   .text:0000044e Lcd4_Write_String
C:\Users\ISHARA~1\AppData\Local\Temp/ccQp3pZ1.s:1041   .text:00000466 Lcd4_Shift_Right
C:\Users\ISHARA~1\AppData\Local\Temp/ccQp3pZ1.s:1059   .text:00000474 Lcd4_Shift_Left
C:\Users\ISHARA~1\AppData\Local\Temp/ccQp3pZ1.s:1077   .text:00000482 __vector_1
C:\Users\ISHARA~1\AppData\Local\Temp/ccQp3pZ1.s:1100   .text:00000498 init_adc
C:\Users\ISHARA~1\AppData\Local\Temp/ccQp3pZ1.s:1120   .text:000004a4 read_adc
C:\Users\ISHARA~1\AppData\Local\Temp/ccQp3pZ1.s:1149   .text:000004ba Weight
C:\Users\ISHARA~1\AppData\Local\Temp/ccQp3pZ1.s:1502   .bss:00000007 ad_val
                            *COM*:00000004 Voltage
C:\Users\ISHARA~1\AppData\Local\Temp/ccQp3pZ1.s:1478   .data:0000000f x
C:\Users\ISHARA~1\AppData\Local\Temp/ccQp3pZ1.s:1486   .data:00000013 y
C:\Users\ISHARA~1\AppData\Local\Temp/ccQp3pZ1.s:1496   .bss:00000005 z
C:\Users\ISHARA~1\AppData\Local\Temp/ccQp3pZ1.s:1242   .text:00000590 __vector_10
C:\Users\ISHARA~1\AppData\Local\Temp/ccQp3pZ1.s:1472   .bss:00000004 Val_ms
C:\Users\ISHARA~1\AppData\Local\Temp/ccQp3pZ1.s:1448   .bss:00000000 ms
C:\Users\ISHARA~1\AppData\Local\Temp/ccQp3pZ1.s:1460   .bss:00000002 sec
C:\Users\ISHARA~1\AppData\Local\Temp/ccQp3pZ1.s:1454   .bss:00000001 mini
                            *COM*:00000002 pecentage
C:\Users\ISHARA~1\AppData\Local\Temp/ccQp3pZ1.s:1334   .text:00000638 main
                            *COM*:0000000a buffer
C:\Users\ISHARA~1\AppData\Local\Temp/ccQp3pZ1.s:1466   .bss:00000003 hour

UNDEFINED SYMBOLS
__floatunsisf
__mulsf3
__subsf3
__divsf3
__fixsfsi
itoa
__do_copy_data
__do_clear_bss
